Using pre-set license
Built from '2021.2/staging' branch; Version is '2021.2.1f1 (c20c6d589440) revision 12717165'; Using compiler version '192829333'; Build Type 'Release'
OS: 'Windows 10 Home; OS build 19043.1889; Version 2009; 64bit' Language: 'en' Physical Memory: 16285 MB
BatchMode: 1, IsHumanControllingUs: 0, StartBugReporterOnCrash: 0, Is64bit: 1, IsPro: 0

COMMAND LINE ARGUMENTS:
C:\Program Files\Unity\Hub\Editor\2021.2.1f1\Editor\Unity.exe
-adb2
-batchMode
-noUpm
-name
AssetImportWorker0
-projectPath
C:/Users/joels/Documents/Github/Cobra-Castle/Cobra Castle
-logFile
Logs/AssetImportWorker0.log
-srvPort
58878
Successfully changed project path to: C:/Users/joels/Documents/Github/Cobra-Castle/Cobra Castle
C:/Users/joels/Documents/Github/Cobra-Castle/Cobra Castle
[UnityMemory] Configuration Parameters - Can be set up in boot.config
    "memorysetup-bucket-allocator-granularity=16"
    "memorysetup-bucket-allocator-bucket-count=8"
    "memorysetup-bucket-allocator-block-size=33554432"
    "memorysetup-bucket-allocator-block-count=8"
    "memorysetup-main-allocator-block-size=16777216"
    "memorysetup-thread-allocator-block-size=16777216"
    "memorysetup-gfx-main-allocator-block-size=16777216"
    "memorysetup-gfx-thread-allocator-block-size=16777216"
    "memorysetup-cache-allocator-block-size=4194304"
    "memorysetup-typetree-allocator-block-size=2097152"
    "memorysetup-profiler-bucket-allocator-granularity=16"
    "memorysetup-profiler-bucket-allocator-bucket-count=8"
    "memorysetup-profiler-bucket-allocator-block-size=33554432"
    "memorysetup-profiler-bucket-allocator-block-count=8"
    "memorysetup-profiler-allocator-block-size=16777216"
    "memorysetup-profiler-editor-allocator-block-size=1048576"
    "memorysetup-temp-allocator-size-main=16777216"
    "memorysetup-job-temp-allocator-block-size=2097152"
    "memorysetup-job-temp-allocator-block-size-background=1048576"
    "memorysetup-job-temp-allocator-reduction-small-platforms=262144"
    "memorysetup-temp-allocator-size-background-worker=32768"
    "memorysetup-temp-allocator-size-job-worker=262144"
    "memorysetup-temp-allocator-size-preload-manager=33554432"
    "memorysetup-temp-allocator-size-nav-mesh-worker=65536"
    "memorysetup-temp-allocator-size-audio-worker=65536"
    "memorysetup-temp-allocator-size-cloud-worker=32768"
    "memorysetup-temp-allocator-size-gi-baking-worker=262144"
    "memorysetup-temp-allocator-size-gfx=262144"
Refreshing native plugins compatible for Editor in 115.75 ms, found 4 plugins.
Preloading 0 native plugins for Editor in 0.00 ms.
Initialize engine version: 2021.2.1f1 (c20c6d589440)
[Subsystems] Discovering subsystems at path C:/Program Files/Unity/Hub/Editor/2021.2.1f1/Editor/Data/Resources/UnitySubsystems
[Subsystems] Discovering subsystems at path C:/Users/joels/Documents/Github/Cobra-Castle/Cobra Castle/Assets
GfxDevice: creating device client; threaded=0; jobified=0
Direct3D:
    Version:  Direct3D 11.0 [level 11.1]
    Renderer: NVIDIA GeForce GTX 1070 (ID=0x1b81)
    Vendor:   NVIDIA
    VRAM:     8088 MB
    Driver:   30.0.15.1295
Initialize mono
Mono path[0] = 'C:/Program Files/Unity/Hub/Editor/2021.2.1f1/Editor/Data/Managed'
Mono path[1] = 'C:/Program Files/Unity/Hub/Editor/2021.2.1f1/Editor/Data/MonoBleedingEdge/lib/mono/unityjit-win32'
Mono config path = 'C:/Program Files/Unity/Hub/Editor/2021.2.1f1/Editor/Data/MonoBleedingEdge/etc'
Using monoOptions --debugger-agent=transport=dt_socket,embedding=1,server=y,suspend=n,address=127.0.0.1:56760
Begin MonoManager ReloadAssembly
Registering precompiled unity dll's ...
Register platform support module: C:/Program Files/Unity/Hub/Editor/2021.2.1f1/Editor/Data/PlaybackEngines/WindowsStandaloneSupport/UnityEditor.WindowsStandalone.Extensions.dll
Registered in 0.008885 seconds.
Native extension for WindowsStandalone target not found
Refreshing native plugins compatible for Editor in 117.42 ms, found 4 plugins.
Preloading 0 native plugins for Editor in 0.00 ms.
Mono: successfully reloaded assembly
- Completed reload, in  1.500 seconds
Domain Reload Profiling:
	ReloadAssembly (1501ms)
		BeginReloadAssembly (82ms)
			ExecutionOrderSort (0ms)
			DisableScriptedObjects (0ms)
			BackupInstance (0ms)
			ReleaseScriptingObjects (0ms)
			CreateAndSetChildDomain (1ms)
		EndReloadAssembly (553ms)
			LoadAssemblies (80ms)
			RebuildTransferFunctionScriptingTraits (0ms)
			SetupTypeCache (111ms)
			ReleaseScriptCaches (0ms)
			RebuildScriptCaches (33ms)
			SetupLoadedEditorAssemblies (347ms)
				LogAssemblyErrors (0ms)
				InitializePlatformSupportModulesInManaged (8ms)
				SetLoadedEditorAssemblies (0ms)
				RefreshPlugins (118ms)
				BeforeProcessingInitializeOnLoad (1ms)
				ProcessInitializeOnLoadAttributes (164ms)
				ProcessInitializeOnLoadMethodAttributes (55ms)
				AfterProcessingInitializeOnLoad (0ms)
				EditorAssembliesLoaded (0ms)
			ExecutionOrderSort2 (0ms)
			AwakeInstancesAfterBackupRestoration (0ms)
Platform modules already initialized, skipping
Registering precompiled user dll's ...
Registered in 0.010620 seconds.
Begin MonoManager ReloadAssembly
Symbol file LoadedFromMemory doesn't match image C:\Users\joels\Documents\Github\Cobra-Castle\Cobra Castle\Library\PackageCache\com.unity.visualscripting@1.7.2\Editor\VisualScripting.Core\Dependencies\YamlDotNet\Unity.VisualScripting.YamlDotNet.dll
Symbol file LoadedFromMemory doesn't match image C:\Users\joels\Documents\Github\Cobra-Castle\Cobra Castle\Library\PackageCache\com.unity.visualscripting@1.7.2\Editor\VisualScripting.Core\Dependencies\DotNetZip\Unity.VisualScripting.IonicZip.dll
Native extension for WindowsStandalone target not found
Refreshing native plugins compatible for Editor in 112.30 ms, found 4 plugins.
Preloading 0 native plugins for Editor in 0.00 ms.
Mono: successfully reloaded assembly
- Completed reload, in  2.131 seconds
Domain Reload Profiling:
	ReloadAssembly (2132ms)
		BeginReloadAssembly (280ms)
			ExecutionOrderSort (0ms)
			DisableScriptedObjects (8ms)
			BackupInstance (0ms)
			ReleaseScriptingObjects (0ms)
			CreateAndSetChildDomain (28ms)
		EndReloadAssembly (1703ms)
			LoadAssemblies (110ms)
			RebuildTransferFunctionScriptingTraits (0ms)
			SetupTypeCache (310ms)
			ReleaseScriptCaches (1ms)
			RebuildScriptCaches (68ms)
			SetupLoadedEditorAssemblies (1082ms)
				LogAssemblyErrors (0ms)
				InitializePlatformSupportModulesInManaged (14ms)
				SetLoadedEditorAssemblies (0ms)
				RefreshPlugins (112ms)
				BeforeProcessingInitializeOnLoad (112ms)
				ProcessInitializeOnLoadAttributes (788ms)
				ProcessInitializeOnLoadMethodAttributes (46ms)
				AfterProcessingInitializeOnLoad (9ms)
				EditorAssembliesLoaded (0ms)
			ExecutionOrderSort2 (0ms)
			AwakeInstancesAfterBackupRestoration (9ms)
Platform modules already initialized, skipping
========================================================================
Worker process is ready to serve import requests
Launched and connected shader compiler UnityShaderCompiler.exe after 0.05 seconds
Refreshing native plugins compatible for Editor in 1.24 ms, found 4 plugins.
Preloading 0 native plugins for Editor in 0.00 ms.
Unloading 3886 Unused Serialized files (Serialized files now loaded: 0)
Unloading 38 unused Assets / (55.9 KB). Loaded Objects now: 4344.
Memory consumption went from 149.4 MB to 149.3 MB.
Total: 3.910200 ms (FindLiveObjects: 0.414200 ms CreateObjectMapping: 0.275900 ms MarkObjects: 3.153800 ms  DeleteObjects: 0.065300 ms)

AssetImportParameters requested are different than current active one (requested -> active):
  custom:video-decoder-ogg-theora: a1e56fd34408186e4bbccfd4996cb3dc -> 
  custom:container-muxer-webm: aa71ff27fc2769a1b78a27578f13a17b -> 
  custom:container-demuxer-webm: 4f35f7cbe854078d1ac9338744f61a02 -> 
  custom:video-encoder-webm-vp8: eb34c28f22e8b96e1ab97ce403110664 -> 
  custom:audio-encoder-webm-vorbis: bf7c407c2cedff20999df2af8eb42d56 -> 
  custom:framework-win-MediaFoundation: 216162199b28c13a410421893ffa2e32 -> 
  custom:container-demuxer-ogg: 62fdf1f143b41e24485cea50d1cbac27 -> 
  custom:video-decoder-webm-vp8: 9c59270c3fd7afecdb556c50c9e8de78 -> 
  custom:audio-decoder-ogg-vorbis: bf7c407c2cedff20999df2af8eb42d56 -> 
========================================================================
Received Import Request.
  Time since last request: 953654.417385 seconds.
  path: Assets/Scripts
  artifactKey: Guid(7a005578e8c8fdd4faad9667ab017606) Importer(815301076,1909f56bfc062723c751e8b465ee728b)
Start importing Assets/Scripts using Guid(7a005578e8c8fdd4faad9667ab017606) Importer(815301076,1909f56bfc062723c751e8b465ee728b)  -> (artifact id: '9a064c510fdebd513445ce277b652378') in 0.009859 seconds 
========================================================================
Received Import Request.
  Time since last request: 3.098018 seconds.
  path: Assets/Sprites
  artifactKey: Guid(31984f0100505364c95aa4b458a7ea88) Importer(815301076,1909f56bfc062723c751e8b465ee728b)
Start importing Assets/Sprites using Guid(31984f0100505364c95aa4b458a7ea88) Importer(815301076,1909f56bfc062723c751e8b465ee728b)  -> (artifact id: '852d9961ae7cb2c028feb4c059d6e4d0') in 0.007041 seconds 
========================================================================
Received Import Request.
  Time since last request: 23.085031 seconds.
  path: Assets/Sprites/Brick.png
  artifactKey: Guid(4aa370544c981f246a11e3739e50ab4e) Importer(815301076,1909f56bfc062723c751e8b465ee728b)
Start importing Assets/Sprites/Brick.png using Guid(4aa370544c981f246a11e3739e50ab4e) Importer(815301076,1909f56bfc062723c751e8b465ee728b)  -> (artifact id: 'e47b079b380c1f28ef4f3c5c03823692') in 0.218008 seconds 
========================================================================
Received Import Request.
  Time since last request: 581.648075 seconds.
  path: Assets/Sprites/Door.png
  artifactKey: Guid(d604eb5c94a96ed43a3a031c49486a05) Importer(815301076,1909f56bfc062723c751e8b465ee728b)
Start importing Assets/Sprites/Door.png using Guid(d604eb5c94a96ed43a3a031c49486a05) Importer(815301076,1909f56bfc062723c751e8b465ee728b)  -> (artifact id: 'f96c814e82785a37c9008f785934ab24') in 0.020616 seconds 
========================================================================
Received Import Request.
  Time since last request: 3.291268 seconds.
  path: Assets/Scenes
  artifactKey: Guid(2474a2e17adc04b4797d9eb431c8db69) Importer(815301076,1909f56bfc062723c751e8b465ee728b)
Start importing Assets/Scenes using Guid(2474a2e17adc04b4797d9eb431c8db69) Importer(815301076,1909f56bfc062723c751e8b465ee728b)  -> (artifact id: 'a6e45f4ef9fea05cb4395a5969633885') in 0.008414 seconds 
========================================================================
Received Import Request.
  Time since last request: 30.916073 seconds.
  path: Assets/Sprites/Brick.png
  artifactKey: Guid(4aa370544c981f246a11e3739e50ab4e) Importer(815301076,1909f56bfc062723c751e8b465ee728b)
Start importing Assets/Sprites/Brick.png using Guid(4aa370544c981f246a11e3739e50ab4e) Importer(815301076,1909f56bfc062723c751e8b465ee728b)  -> (artifact id: 'e9c86d1169eb2ea0687c70ded63421e8') in 0.010774 seconds 
========================================================================
Received Import Request.
  Time since last request: 457.005258 seconds.
  path: Assets/Prefabs
  artifactKey: Guid(de255d39fd8191f4b821e10646000b45) Importer(815301076,1909f56bfc062723c751e8b465ee728b)
Start importing Assets/Prefabs using Guid(de255d39fd8191f4b821e10646000b45) Importer(815301076,1909f56bfc062723c751e8b465ee728b)  -> (artifact id: '72833eb8888ad0706e2e598f86d49e69') in 0.008133 seconds 
========================================================================
Received Import Request.
  Time since last request: 4.531160 seconds.
  path: Assets/Prefabs/Brick.prefab
  artifactKey: Guid(a334d35bf7d5c624d939fcb36865588a) Importer(815301076,1909f56bfc062723c751e8b465ee728b)
Start importing Assets/Prefabs/Brick.prefab using Guid(a334d35bf7d5c624d939fcb36865588a) Importer(815301076,1909f56bfc062723c751e8b465ee728b)  -> (artifact id: 'e31194b1d37c743409ba8fda93db940d') in 0.101279 seconds 
========================================================================
Received Prepare
Registering precompiled user dll's ...
Registered in 0.008419 seconds.
Begin MonoManager ReloadAssembly
Symbol file LoadedFromMemory doesn't match image C:\Users\joels\Documents\Github\Cobra-Castle\Cobra Castle\Library\PackageCache\com.unity.visualscripting@1.7.2\Editor\VisualScripting.Core\Dependencies\YamlDotNet\Unity.VisualScripting.YamlDotNet.dll
Symbol file LoadedFromMemory doesn't match image C:\Users\joels\Documents\Github\Cobra-Castle\Cobra Castle\Library\PackageCache\com.unity.visualscripting@1.7.2\Editor\VisualScripting.Core\Dependencies\DotNetZip\Unity.VisualScripting.IonicZip.dll
Native extension for WindowsStandalone target not found
Refreshing native plugins compatible for Editor in 1.32 ms, found 4 plugins.
Preloading 0 native plugins for Editor in 0.00 ms.
Mono: successfully reloaded assembly
- Completed reload, in  1.535 seconds
Domain Reload Profiling:
	ReloadAssembly (1536ms)
		BeginReloadAssembly (156ms)
			ExecutionOrderSort (0ms)
			DisableScriptedObjects (6ms)
			BackupInstance (0ms)
			ReleaseScriptingObjects (0ms)
			CreateAndSetChildDomain (42ms)
		EndReloadAssembly (1274ms)
			LoadAssemblies (97ms)
			RebuildTransferFunctionScriptingTraits (0ms)
			SetupTypeCache (329ms)
			ReleaseScriptCaches (2ms)
			RebuildScriptCaches (61ms)
			SetupLoadedEditorAssemblies (637ms)
				LogAssemblyErrors (0ms)
				InitializePlatformSupportModulesInManaged (30ms)
				SetLoadedEditorAssemblies (0ms)
				RefreshPlugins (1ms)
				BeforeProcessingInitializeOnLoad (103ms)
				ProcessInitializeOnLoadAttributes (453ms)
				ProcessInitializeOnLoadMethodAttributes (37ms)
				AfterProcessingInitializeOnLoad (12ms)
				EditorAssembliesLoaded (0ms)
			ExecutionOrderSort2 (0ms)
			AwakeInstancesAfterBackupRestoration (19ms)
Platform modules already initialized, skipping
Refreshing native plugins compatible for Editor in 0.87 ms, found 4 plugins.
Preloading 0 native plugins for Editor in 0.00 ms.
Unloading 3877 Unused Serialized files (Serialized files now loaded: 0)
Unloading 26 unused Assets / (24.5 KB). Loaded Objects now: 4400.
Memory consumption went from 154.3 MB to 154.2 MB.
Total: 15.174400 ms (FindLiveObjects: 0.438800 ms CreateObjectMapping: 0.336500 ms MarkObjects: 14.369900 ms  DeleteObjects: 0.028000 ms)

AssetImportParameters requested are different than current active one (requested -> active):
  custom:video-decoder-ogg-theora: a1e56fd34408186e4bbccfd4996cb3dc -> 
  custom:container-muxer-webm: aa71ff27fc2769a1b78a27578f13a17b -> 
  custom:container-demuxer-webm: 4f35f7cbe854078d1ac9338744f61a02 -> 
  custom:video-encoder-webm-vp8: eb34c28f22e8b96e1ab97ce403110664 -> 
  custom:audio-encoder-webm-vorbis: bf7c407c2cedff20999df2af8eb42d56 -> 
  custom:framework-win-MediaFoundation: 216162199b28c13a410421893ffa2e32 -> 
  custom:container-demuxer-ogg: 62fdf1f143b41e24485cea50d1cbac27 -> 
  custom:video-decoder-webm-vp8: 9c59270c3fd7afecdb556c50c9e8de78 -> 
  custom:audio-decoder-ogg-vorbis: bf7c407c2cedff20999df2af8eb42d56 -> 
========================================================================
Received Import Request.
  Time since last request: 378.216215 seconds.
  path: Assets/Prefabs/Brick.prefab
  artifactKey: Guid(a334d35bf7d5c624d939fcb36865588a) Importer(815301076,1909f56bfc062723c751e8b465ee728b)
Start importing Assets/Prefabs/Brick.prefab using Guid(a334d35bf7d5c624d939fcb36865588a) Importer(815301076,1909f56bfc062723c751e8b465ee728b)  -> (artifact id: '184d1bd262eac1f6344a510497b0d467') in 0.061095 seconds 
========================================================================
Received Prepare
Registering precompiled user dll's ...
Registered in 0.008604 seconds.
Begin MonoManager ReloadAssembly
Symbol file LoadedFromMemory doesn't match image C:\Users\joels\Documents\Github\Cobra-Castle\Cobra Castle\Library\PackageCache\com.unity.visualscripting@1.7.2\Editor\VisualScripting.Core\Dependencies\YamlDotNet\Unity.VisualScripting.YamlDotNet.dll
Symbol file LoadedFromMemory doesn't match image C:\Users\joels\Documents\Github\Cobra-Castle\Cobra Castle\Library\PackageCache\com.unity.visualscripting@1.7.2\Editor\VisualScripting.Core\Dependencies\DotNetZip\Unity.VisualScripting.IonicZip.dll
Native extension for WindowsStandalone target not found
Refreshing native plugins compatible for Editor in 1.27 ms, found 4 plugins.
Preloading 0 native plugins for Editor in 0.00 ms.
Mono: successfully reloaded assembly
- Completed reload, in  1.756 seconds
Domain Reload Profiling:
	ReloadAssembly (1757ms)
		BeginReloadAssembly (154ms)
			ExecutionOrderSort (0ms)
			DisableScriptedObjects (7ms)
			BackupInstance (0ms)
			ReleaseScriptingObjects (0ms)
			CreateAndSetChildDomain (45ms)
		EndReloadAssembly (1440ms)
			LoadAssemblies (105ms)
			RebuildTransferFunctionScriptingTraits (0ms)
			SetupTypeCache (365ms)
			ReleaseScriptCaches (2ms)
			RebuildScriptCaches (69ms)
			SetupLoadedEditorAssemblies (704ms)
				LogAssemblyErrors (0ms)
				InitializePlatformSupportModulesInManaged (30ms)
				SetLoadedEditorAssemblies (1ms)
				RefreshPlugins (1ms)
				BeforeProcessingInitializeOnLoad (110ms)
				ProcessInitializeOnLoadAttributes (508ms)
				ProcessInitializeOnLoadMethodAttributes (40ms)
				AfterProcessingInitializeOnLoad (13ms)
				EditorAssembliesLoaded (0ms)
			ExecutionOrderSort2 (0ms)
			AwakeInstancesAfterBackupRestoration (22ms)
Platform modules already initialized, skipping
Refreshing native plugins compatible for Editor in 0.94 ms, found 4 plugins.
Preloading 0 native plugins for Editor in 0.00 ms.
Unloading 3875 Unused Serialized files (Serialized files now loaded: 0)
Unloading 26 unused Assets / (24.6 KB). Loaded Objects now: 4403.
Memory consumption went from 154.2 MB to 154.2 MB.
Total: 3.899500 ms (FindLiveObjects: 0.391800 ms CreateObjectMapping: 0.398600 ms MarkObjects: 3.083700 ms  DeleteObjects: 0.024000 ms)

AssetImportParameters requested are different than current active one (requested -> active):
  custom:video-decoder-ogg-theora: a1e56fd34408186e4bbccfd4996cb3dc -> 
  custom:container-muxer-webm: aa71ff27fc2769a1b78a27578f13a17b -> 
  custom:container-demuxer-webm: 4f35f7cbe854078d1ac9338744f61a02 -> 
  custom:video-encoder-webm-vp8: eb34c28f22e8b96e1ab97ce403110664 -> 
  custom:audio-encoder-webm-vorbis: bf7c407c2cedff20999df2af8eb42d56 -> 
  custom:framework-win-MediaFoundation: 216162199b28c13a410421893ffa2e32 -> 
  custom:container-demuxer-ogg: 62fdf1f143b41e24485cea50d1cbac27 -> 
  custom:video-decoder-webm-vp8: 9c59270c3fd7afecdb556c50c9e8de78 -> 
  custom:audio-decoder-ogg-vorbis: bf7c407c2cedff20999df2af8eb42d56 -> 
========================================================================
Received Prepare
Registering precompiled user dll's ...
Registered in 0.008539 seconds.
Begin MonoManager ReloadAssembly
Symbol file LoadedFromMemory doesn't match image C:\Users\joels\Documents\Github\Cobra-Castle\Cobra Castle\Library\PackageCache\com.unity.visualscripting@1.7.2\Editor\VisualScripting.Core\Dependencies\YamlDotNet\Unity.VisualScripting.YamlDotNet.dll
Symbol file LoadedFromMemory doesn't match image C:\Users\joels\Documents\Github\Cobra-Castle\Cobra Castle\Library\PackageCache\com.unity.visualscripting@1.7.2\Editor\VisualScripting.Core\Dependencies\DotNetZip\Unity.VisualScripting.IonicZip.dll
Native extension for WindowsStandalone target not found
Refreshing native plugins compatible for Editor in 1.24 ms, found 4 plugins.
Preloading 0 native plugins for Editor in 0.00 ms.
Mono: successfully reloaded assembly
- Completed reload, in  1.775 seconds
Domain Reload Profiling:
	ReloadAssembly (1776ms)
		BeginReloadAssembly (169ms)
			ExecutionOrderSort (0ms)
			DisableScriptedObjects (9ms)
			BackupInstance (0ms)
			ReleaseScriptingObjects (0ms)
			CreateAndSetChildDomain (46ms)
		EndReloadAssembly (1436ms)
			LoadAssemblies (115ms)
			RebuildTransferFunctionScriptingTraits (0ms)
			SetupTypeCache (357ms)
			ReleaseScriptCaches (2ms)
			RebuildScriptCaches (67ms)
			SetupLoadedEditorAssemblies (716ms)
				LogAssemblyErrors (0ms)
				InitializePlatformSupportModulesInManaged (19ms)
				SetLoadedEditorAssemblies (1ms)
				RefreshPlugins (1ms)
				BeforeProcessingInitializeOnLoad (116ms)
				ProcessInitializeOnLoadAttributes (513ms)
				ProcessInitializeOnLoadMethodAttributes (53ms)
				AfterProcessingInitializeOnLoad (13ms)
				EditorAssembliesLoaded (0ms)
			ExecutionOrderSort2 (0ms)
			AwakeInstancesAfterBackupRestoration (22ms)
Platform modules already initialized, skipping
Refreshing native plugins compatible for Editor in 1.27 ms, found 4 plugins.
Preloading 0 native plugins for Editor in 0.00 ms.
Unloading 3875 Unused Serialized files (Serialized files now loaded: 0)
Unloading 26 unused Assets / (24.7 KB). Loaded Objects now: 4406.
Memory consumption went from 154.2 MB to 154.2 MB.
Total: 5.213000 ms (FindLiveObjects: 0.490600 ms CreateObjectMapping: 0.601100 ms MarkObjects: 4.098500 ms  DeleteObjects: 0.021800 ms)

AssetImportParameters requested are different than current active one (requested -> active):
  custom:video-decoder-ogg-theora: a1e56fd34408186e4bbccfd4996cb3dc -> 
  custom:container-muxer-webm: aa71ff27fc2769a1b78a27578f13a17b -> 
  custom:container-demuxer-webm: 4f35f7cbe854078d1ac9338744f61a02 -> 
  custom:video-encoder-webm-vp8: eb34c28f22e8b96e1ab97ce403110664 -> 
  custom:audio-encoder-webm-vorbis: bf7c407c2cedff20999df2af8eb42d56 -> 
  custom:framework-win-MediaFoundation: 216162199b28c13a410421893ffa2e32 -> 
  custom:container-demuxer-ogg: 62fdf1f143b41e24485cea50d1cbac27 -> 
  custom:video-decoder-webm-vp8: 9c59270c3fd7afecdb556c50c9e8de78 -> 
  custom:audio-decoder-ogg-vorbis: bf7c407c2cedff20999df2af8eb42d56 -> 
========================================================================
Received Import Request.
  Time since last request: 129.668637 seconds.
  path: Assets/Prefabs/Door.prefab
  artifactKey: Guid(de2f14b0f74421f468c411cc7969025f) Importer(815301076,1909f56bfc062723c751e8b465ee728b)
Start importing Assets/Prefabs/Door.prefab using Guid(de2f14b0f74421f468c411cc7969025f) Importer(815301076,1909f56bfc062723c751e8b465ee728b)  -> (artifact id: '1e034922e57b5e003b35ee08538eea15') in 0.056578 seconds 
========================================================================
Received Prepare
Registering precompiled user dll's ...
Registered in 0.009386 seconds.
Begin MonoManager ReloadAssembly
Symbol file LoadedFromMemory doesn't match image C:\Users\joels\Documents\Github\Cobra-Castle\Cobra Castle\Library\PackageCache\com.unity.visualscripting@1.7.2\Editor\VisualScripting.Core\Dependencies\YamlDotNet\Unity.VisualScripting.YamlDotNet.dll
Symbol file LoadedFromMemory doesn't match image C:\Users\joels\Documents\Github\Cobra-Castle\Cobra Castle\Library\PackageCache\com.unity.visualscripting@1.7.2\Editor\VisualScripting.Core\Dependencies\DotNetZip\Unity.VisualScripting.IonicZip.dll
Native extension for WindowsStandalone target not found
Refreshing native plugins compatible for Editor in 0.97 ms, found 4 plugins.
Preloading 0 native plugins for Editor in 0.00 ms.
Mono: successfully reloaded assembly
- Completed reload, in  1.511 seconds
Domain Reload Profiling:
	ReloadAssembly (1512ms)
		BeginReloadAssembly (146ms)
			ExecutionOrderSort (0ms)
			DisableScriptedObjects (6ms)
			BackupInstance (0ms)
			ReleaseScriptingObjects (0ms)
			CreateAndSetChildDomain (41ms)
		EndReloadAssembly (1234ms)
			LoadAssemblies (102ms)
			RebuildTransferFunctionScriptingTraits (0ms)
			SetupTypeCache (311ms)
			ReleaseScriptCaches (2ms)
			RebuildScriptCaches (59ms)
			SetupLoadedEditorAssemblies (605ms)
				LogAssemblyErrors (0ms)
				InitializePlatformSupportModulesInManaged (15ms)
				SetLoadedEditorAssemblies (0ms)
				RefreshPlugins (1ms)
				BeforeProcessingInitializeOnLoad (105ms)
				ProcessInitializeOnLoadAttributes (432ms)
				ProcessInitializeOnLoadMethodAttributes (39ms)
				AfterProcessingInitializeOnLoad (13ms)
				EditorAssembliesLoaded (0ms)
			ExecutionOrderSort2 (0ms)
			AwakeInstancesAfterBackupRestoration (20ms)
Platform modules already initialized, skipping
Refreshing native plugins compatible for Editor in 0.90 ms, found 4 plugins.
Preloading 0 native plugins for Editor in 0.00 ms.
Unloading 3875 Unused Serialized files (Serialized files now loaded: 0)
Unloading 26 unused Assets / (24.6 KB). Loaded Objects now: 4409.
Memory consumption went from 154.2 MB to 154.2 MB.
Total: 3.711900 ms (FindLiveObjects: 0.397300 ms CreateObjectMapping: 0.344300 ms MarkObjects: 2.929100 ms  DeleteObjects: 0.040100 ms)

AssetImportParameters requested are different than current active one (requested -> active):
  custom:video-decoder-ogg-theora: a1e56fd34408186e4bbccfd4996cb3dc -> 
  custom:container-muxer-webm: aa71ff27fc2769a1b78a27578f13a17b -> 
  custom:container-demuxer-webm: 4f35f7cbe854078d1ac9338744f61a02 -> 
  custom:video-encoder-webm-vp8: eb34c28f22e8b96e1ab97ce403110664 -> 
  custom:audio-encoder-webm-vorbis: bf7c407c2cedff20999df2af8eb42d56 -> 
  custom:framework-win-MediaFoundation: 216162199b28c13a410421893ffa2e32 -> 
  custom:container-demuxer-ogg: 62fdf1f143b41e24485cea50d1cbac27 -> 
  custom:video-decoder-webm-vp8: 9c59270c3fd7afecdb556c50c9e8de78 -> 
  custom:audio-decoder-ogg-vorbis: bf7c407c2cedff20999df2af8eb42d56 -> 
========================================================================
Received Import Request.
  Time since last request: 93.716435 seconds.
  path: Assets/Sprites/Door Open.png
  artifactKey: Guid(8c99402f61112ba47ac18f05b4e7af25) Importer(815301076,1909f56bfc062723c751e8b465ee728b)
Start importing Assets/Sprites/Door Open.png using Guid(8c99402f61112ba47ac18f05b4e7af25) Importer(815301076,1909f56bfc062723c751e8b465ee728b)  -> (artifact id: '36ec7d9a87f5027e2a2cceeb75bdc950') in 0.070231 seconds 
========================================================================
Received Import Request.
  Time since last request: 49.398971 seconds.
  path: ProjectSettings/TagManager.asset
  artifactKey: Guid(00000000000000003000000000000000) Importer(815301076,1909f56bfc062723c751e8b465ee728b)
Start importing ProjectSettings/TagManager.asset using Guid(00000000000000003000000000000000) Importer(815301076,1909f56bfc062723c751e8b465ee728b)  -> (artifact id: '49103ddb131dee35ba8759c97ba2dd04') in 0.009555 seconds 
========================================================================
Received Prepare
Registering precompiled user dll's ...
Registered in 0.009810 seconds.
Begin MonoManager ReloadAssembly
Symbol file LoadedFromMemory doesn't match image C:\Users\joels\Documents\Github\Cobra-Castle\Cobra Castle\Library\PackageCache\com.unity.visualscripting@1.7.2\Editor\VisualScripting.Core\Dependencies\YamlDotNet\Unity.VisualScripting.YamlDotNet.dll
Symbol file LoadedFromMemory doesn't match image C:\Users\joels\Documents\Github\Cobra-Castle\Cobra Castle\Library\PackageCache\com.unity.visualscripting@1.7.2\Editor\VisualScripting.Core\Dependencies\DotNetZip\Unity.VisualScripting.IonicZip.dll
Native extension for WindowsStandalone target not found
Refreshing native plugins compatible for Editor in 1.17 ms, found 4 plugins.
Preloading 0 native plugins for Editor in 0.00 ms.
Mono: successfully reloaded assembly
- Completed reload, in  1.476 seconds
Domain Reload Profiling:
	ReloadAssembly (1477ms)
		BeginReloadAssembly (140ms)
			ExecutionOrderSort (0ms)
			DisableScriptedObjects (7ms)
			BackupInstance (0ms)
			ReleaseScriptingObjects (0ms)
			CreateAndSetChildDomain (38ms)
		EndReloadAssembly (1221ms)
			LoadAssemblies (91ms)
			RebuildTransferFunctionScriptingTraits (0ms)
			SetupTypeCache (310ms)
			ReleaseScriptCaches (2ms)
			RebuildScriptCaches (60ms)
			SetupLoadedEditorAssemblies (598ms)
				LogAssemblyErrors (0ms)
				InitializePlatformSupportModulesInManaged (16ms)
				SetLoadedEditorAssemblies (1ms)
				RefreshPlugins (1ms)
				BeforeProcessingInitializeOnLoad (97ms)
				ProcessInitializeOnLoadAttributes (426ms)
				ProcessInitializeOnLoadMethodAttributes (45ms)
				AfterProcessingInitializeOnLoad (12ms)
				EditorAssembliesLoaded (0ms)
			ExecutionOrderSort2 (0ms)
			AwakeInstancesAfterBackupRestoration (20ms)
Platform modules already initialized, skipping
Refreshing native plugins compatible for Editor in 1.18 ms, found 4 plugins.
Preloading 0 native plugins for Editor in 0.00 ms.
Unloading 3876 Unused Serialized files (Serialized files now loaded: 0)
Unloading 27 unused Assets / (24.6 KB). Loaded Objects now: 4427.
Memory consumption went from 154.7 MB to 154.7 MB.
Total: 4.008800 ms (FindLiveObjects: 0.335100 ms CreateObjectMapping: 0.343800 ms MarkObjects: 3.300700 ms  DeleteObjects: 0.027700 ms)

AssetImportParameters requested are different than current active one (requested -> active):
  custom:video-decoder-ogg-theora: a1e56fd34408186e4bbccfd4996cb3dc -> 
  custom:container-muxer-webm: aa71ff27fc2769a1b78a27578f13a17b -> 
  custom:container-demuxer-webm: 4f35f7cbe854078d1ac9338744f61a02 -> 
  custom:video-encoder-webm-vp8: eb34c28f22e8b96e1ab97ce403110664 -> 
  custom:audio-encoder-webm-vorbis: bf7c407c2cedff20999df2af8eb42d56 -> 
  custom:framework-win-MediaFoundation: 216162199b28c13a410421893ffa2e32 -> 
  custom:container-demuxer-ogg: 62fdf1f143b41e24485cea50d1cbac27 -> 
  custom:video-decoder-webm-vp8: 9c59270c3fd7afecdb556c50c9e8de78 -> 
  custom:audio-decoder-ogg-vorbis: bf7c407c2cedff20999df2af8eb42d56 -> 
========================================================================
Received Import Request.
  Time since last request: 34.245172 seconds.
  path: Assets/Sprites/Door Open.png
  artifactKey: Guid(8c99402f61112ba47ac18f05b4e7af25) Importer(815301076,1909f56bfc062723c751e8b465ee728b)
Start importing Assets/Sprites/Door Open.png using Guid(8c99402f61112ba47ac18f05b4e7af25) Importer(815301076,1909f56bfc062723c751e8b465ee728b)  -> (artifact id: '6049e4e8f6a130e6032d772e6681832b') in 0.051273 seconds 
========================================================================
Received Prepare
Registering precompiled user dll's ...
Registered in 0.011515 seconds.
Begin MonoManager ReloadAssembly
Symbol file LoadedFromMemory doesn't match image C:\Users\joels\Documents\Github\Cobra-Castle\Cobra Castle\Library\PackageCache\com.unity.visualscripting@1.7.2\Editor\VisualScripting.Core\Dependencies\YamlDotNet\Unity.VisualScripting.YamlDotNet.dll
Symbol file LoadedFromMemory doesn't match image C:\Users\joels\Documents\Github\Cobra-Castle\Cobra Castle\Library\PackageCache\com.unity.visualscripting@1.7.2\Editor\VisualScripting.Core\Dependencies\DotNetZip\Unity.VisualScripting.IonicZip.dll
Native extension for WindowsStandalone target not found
Refreshing native plugins compatible for Editor in 1.17 ms, found 4 plugins.
Preloading 0 native plugins for Editor in 0.00 ms.
Mono: successfully reloaded assembly
- Completed reload, in  1.466 seconds
Domain Reload Profiling:
	ReloadAssembly (1467ms)
		BeginReloadAssembly (135ms)
			ExecutionOrderSort (0ms)
			DisableScriptedObjects (7ms)
			BackupInstance (0ms)
			ReleaseScriptingObjects (0ms)
			CreateAndSetChildDomain (37ms)
		EndReloadAssembly (1223ms)
			LoadAssemblies (92ms)
			RebuildTransferFunctionScriptingTraits (0ms)
			SetupTypeCache (308ms)
			ReleaseScriptCaches (2ms)
			RebuildScriptCaches (64ms)
			SetupLoadedEditorAssemblies (599ms)
				LogAssemblyErrors (0ms)
				InitializePlatformSupportModulesInManaged (14ms)
				SetLoadedEditorAssemblies (1ms)
				RefreshPlugins (1ms)
				BeforeProcessingInitializeOnLoad (107ms)
				ProcessInitializeOnLoadAttributes (428ms)
				ProcessInitializeOnLoadMethodAttributes (35ms)
				AfterProcessingInitializeOnLoad (12ms)
				EditorAssembliesLoaded (0ms)
			ExecutionOrderSort2 (0ms)
			AwakeInstancesAfterBackupRestoration (21ms)
Platform modules already initialized, skipping
Refreshing native plugins compatible for Editor in 1.23 ms, found 4 plugins.
Preloading 0 native plugins for Editor in 0.00 ms.
Unloading 3875 Unused Serialized files (Serialized files now loaded: 0)
Unloading 26 unused Assets / (24.6 KB). Loaded Objects now: 4444.
Memory consumption went from 155.0 MB to 155.0 MB.
Total: 4.717000 ms (FindLiveObjects: 0.348500 ms CreateObjectMapping: 0.340700 ms MarkObjects: 4.000200 ms  DeleteObjects: 0.026300 ms)

AssetImportParameters requested are different than current active one (requested -> active):
  custom:video-decoder-ogg-theora: a1e56fd34408186e4bbccfd4996cb3dc -> 
  custom:container-muxer-webm: aa71ff27fc2769a1b78a27578f13a17b -> 
  custom:container-demuxer-webm: 4f35f7cbe854078d1ac9338744f61a02 -> 
  custom:video-encoder-webm-vp8: eb34c28f22e8b96e1ab97ce403110664 -> 
  custom:audio-encoder-webm-vorbis: bf7c407c2cedff20999df2af8eb42d56 -> 
  custom:framework-win-MediaFoundation: 216162199b28c13a410421893ffa2e32 -> 
  custom:container-demuxer-ogg: 62fdf1f143b41e24485cea50d1cbac27 -> 
  custom:video-decoder-webm-vp8: 9c59270c3fd7afecdb556c50c9e8de78 -> 
  custom:audio-decoder-ogg-vorbis: bf7c407c2cedff20999df2af8eb42d56 -> 
========================================================================
Received Prepare
Registering precompiled user dll's ...
Registered in 0.010426 seconds.
Begin MonoManager ReloadAssembly
Symbol file LoadedFromMemory doesn't match image C:\Users\joels\Documents\Github\Cobra-Castle\Cobra Castle\Library\PackageCache\com.unity.visualscripting@1.7.2\Editor\VisualScripting.Core\Dependencies\YamlDotNet\Unity.VisualScripting.YamlDotNet.dll
Symbol file LoadedFromMemory doesn't match image C:\Users\joels\Documents\Github\Cobra-Castle\Cobra Castle\Library\PackageCache\com.unity.visualscripting@1.7.2\Editor\VisualScripting.Core\Dependencies\DotNetZip\Unity.VisualScripting.IonicZip.dll
Native extension for WindowsStandalone target not found
Refreshing native plugins compatible for Editor in 0.77 ms, found 4 plugins.
Preloading 0 native plugins for Editor in 0.00 ms.
Mono: successfully reloaded assembly
- Completed reload, in  1.479 seconds
Domain Reload Profiling:
	ReloadAssembly (1480ms)
		BeginReloadAssembly (140ms)
			ExecutionOrderSort (0ms)
			DisableScriptedObjects (8ms)
			BackupInstance (0ms)
			ReleaseScriptingObjects (0ms)
			CreateAndSetChildDomain (41ms)
		EndReloadAssembly (1218ms)
			LoadAssemblies (91ms)
			RebuildTransferFunctionScriptingTraits (0ms)
			SetupTypeCache (315ms)
			ReleaseScriptCaches (2ms)
			RebuildScriptCaches (57ms)
			SetupLoadedEditorAssemblies (600ms)
				LogAssemblyErrors (0ms)
				InitializePlatformSupportModulesInManaged (13ms)
				SetLoadedEditorAssemblies (0ms)
				RefreshPlugins (1ms)
				BeforeProcessingInitializeOnLoad (96ms)
				ProcessInitializeOnLoadAttributes (442ms)
				ProcessInitializeOnLoadMethodAttributes (36ms)
				AfterProcessingInitializeOnLoad (12ms)
				EditorAssembliesLoaded (0ms)
			ExecutionOrderSort2 (0ms)
			AwakeInstancesAfterBackupRestoration (21ms)
Platform modules already initialized, skipping
Refreshing native plugins compatible for Editor in 0.89 ms, found 4 plugins.
Preloading 0 native plugins for Editor in 0.00 ms.
Unloading 3875 Unused Serialized files (Serialized files now loaded: 0)
Unloading 26 unused Assets / (24.6 KB). Loaded Objects now: 4447.
Memory consumption went from 155.0 MB to 155.0 MB.
Total: 3.585000 ms (FindLiveObjects: 0.370200 ms CreateObjectMapping: 0.275100 ms MarkObjects: 2.912500 ms  DeleteObjects: 0.026000 ms)

AssetImportParameters requested are different than current active one (requested -> active):
  custom:video-decoder-ogg-theora: a1e56fd34408186e4bbccfd4996cb3dc -> 
  custom:container-muxer-webm: aa71ff27fc2769a1b78a27578f13a17b -> 
  custom:container-demuxer-webm: 4f35f7cbe854078d1ac9338744f61a02 -> 
  custom:video-encoder-webm-vp8: eb34c28f22e8b96e1ab97ce403110664 -> 
  custom:audio-encoder-webm-vorbis: bf7c407c2cedff20999df2af8eb42d56 -> 
  custom:framework-win-MediaFoundation: 216162199b28c13a410421893ffa2e32 -> 
  custom:container-demuxer-ogg: 62fdf1f143b41e24485cea50d1cbac27 -> 
  custom:video-decoder-webm-vp8: 9c59270c3fd7afecdb556c50c9e8de78 -> 
  custom:audio-decoder-ogg-vorbis: bf7c407c2cedff20999df2af8eb42d56 -> 
========================================================================
Received Import Request.
  Time since last request: 271.742838 seconds.
  path: Assets/Sprites/Arrow.png
  artifactKey: Guid(16c5debb143fb244db3536f7053e7eb8) Importer(815301076,1909f56bfc062723c751e8b465ee728b)
Start importing Assets/Sprites/Arrow.png using Guid(16c5debb143fb244db3536f7053e7eb8) Importer(815301076,1909f56bfc062723c751e8b465ee728b)  -> (artifact id: 'a93b4ddf1a1da23f7af5ac6985d038d7') in 0.064335 seconds 
========================================================================
Received Import Request.
  Time since last request: 28.822726 seconds.
  path: Assets/Sprites/Arrow.png
  artifactKey: Guid(16c5debb143fb244db3536f7053e7eb8) Importer(815301076,1909f56bfc062723c751e8b465ee728b)
Start importing Assets/Sprites/Arrow.png using Guid(16c5debb143fb244db3536f7053e7eb8) Importer(815301076,1909f56bfc062723c751e8b465ee728b)  -> (artifact id: '300772434521fab5b723cc4d5fc97e5d') in 0.010634 seconds 
========================================================================
Received Import Request.
  Time since last request: 141.319724 seconds.
  path: Assets/Audio
  artifactKey: Guid(2d656a0f5ec89554c9db28e438ed3b01) Importer(815301076,1909f56bfc062723c751e8b465ee728b)
Start importing Assets/Audio using Guid(2d656a0f5ec89554c9db28e438ed3b01) Importer(815301076,1909f56bfc062723c751e8b465ee728b)  -> (artifact id: 'cae884e952217626fde38240bf479be2') in 0.007023 seconds 
========================================================================
Received Prepare
Registering precompiled user dll's ...
Registered in 0.010361 seconds.
Begin MonoManager ReloadAssembly
Symbol file LoadedFromMemory doesn't match image C:\Users\joels\Documents\Github\Cobra-Castle\Cobra Castle\Library\PackageCache\com.unity.visualscripting@1.7.2\Editor\VisualScripting.Core\Dependencies\YamlDotNet\Unity.VisualScripting.YamlDotNet.dll
Symbol file LoadedFromMemory doesn't match image C:\Users\joels\Documents\Github\Cobra-Castle\Cobra Castle\Library\PackageCache\com.unity.visualscripting@1.7.2\Editor\VisualScripting.Core\Dependencies\DotNetZip\Unity.VisualScripting.IonicZip.dll
Native extension for WindowsStandalone target not found
Refreshing native plugins compatible for Editor in 0.84 ms, found 4 plugins.
Preloading 0 native plugins for Editor in 0.00 ms.
Mono: successfully reloaded assembly
- Completed reload, in  1.513 seconds
Domain Reload Profiling:
	ReloadAssembly (1514ms)
		BeginReloadAssembly (153ms)
			ExecutionOrderSort (0ms)
			DisableScriptedObjects (7ms)
			BackupInstance (0ms)
			ReleaseScriptingObjects (0ms)
			CreateAndSetChildDomain (45ms)
		EndReloadAssembly (1230ms)
			LoadAssemblies (110ms)
			RebuildTransferFunctionScriptingTraits (0ms)
			SetupTypeCache (306ms)
			ReleaseScriptCaches (2ms)
			RebuildScriptCaches (57ms)
			SetupLoadedEditorAssemblies (596ms)
				LogAssemblyErrors (0ms)
				InitializePlatformSupportModulesInManaged (17ms)
				SetLoadedEditorAssemblies (1ms)
				RefreshPlugins (1ms)
				BeforeProcessingInitializeOnLoad (99ms)
				ProcessInitializeOnLoadAttributes (428ms)
				ProcessInitializeOnLoadMethodAttributes (38ms)
				AfterProcessingInitializeOnLoad (12ms)
				EditorAssembliesLoaded (0ms)
			ExecutionOrderSort2 (0ms)
			AwakeInstancesAfterBackupRestoration (21ms)
Platform modules already initialized, skipping
Refreshing native plugins compatible for Editor in 0.79 ms, found 4 plugins.
Preloading 0 native plugins for Editor in 0.00 ms.
Unloading 3876 Unused Serialized files (Serialized files now loaded: 0)
Unloading 26 unused Assets / (24.5 KB). Loaded Objects now: 4479.
Memory consumption went from 155.9 MB to 155.9 MB.
Total: 3.750800 ms (FindLiveObjects: 0.344500 ms CreateObjectMapping: 0.293500 ms MarkObjects: 3.080600 ms  DeleteObjects: 0.030900 ms)

AssetImportParameters requested are different than current active one (requested -> active):
  custom:video-decoder-ogg-theora: a1e56fd34408186e4bbccfd4996cb3dc -> 
  custom:container-muxer-webm: aa71ff27fc2769a1b78a27578f13a17b -> 
  custom:container-demuxer-webm: 4f35f7cbe854078d1ac9338744f61a02 -> 
  custom:video-encoder-webm-vp8: eb34c28f22e8b96e1ab97ce403110664 -> 
  custom:audio-encoder-webm-vorbis: bf7c407c2cedff20999df2af8eb42d56 -> 
  custom:framework-win-MediaFoundation: 216162199b28c13a410421893ffa2e32 -> 
  custom:container-demuxer-ogg: 62fdf1f143b41e24485cea50d1cbac27 -> 
  custom:video-decoder-webm-vp8: 9c59270c3fd7afecdb556c50c9e8de78 -> 
  custom:audio-decoder-ogg-vorbis: bf7c407c2cedff20999df2af8eb42d56 -> 
========================================================================
Received Import Request.
  Time since last request: 620.819148 seconds.
  path: Assets/Sprites/Brick.png
  artifactKey: Guid(4aa370544c981f246a11e3739e50ab4e) Importer(815301076,1909f56bfc062723c751e8b465ee728b)
Start importing Assets/Sprites/Brick.png using Guid(4aa370544c981f246a11e3739e50ab4e) Importer(815301076,1909f56bfc062723c751e8b465ee728b)  -> (artifact id: 'd47f189950bfe864db66e071e9c1a880') in 0.071611 seconds 
========================================================================
Received Import Request.
  Time since last request: 14.016654 seconds.
  path: Assets/Sprites/Mouse.png
  artifactKey: Guid(46170aacda3c8e24a8fe7b41f2b9e244) Importer(815301076,1909f56bfc062723c751e8b465ee728b)
Start importing Assets/Sprites/Mouse.png using Guid(46170aacda3c8e24a8fe7b41f2b9e244) Importer(815301076,1909f56bfc062723c751e8b465ee728b)  -> (artifact id: 'fe65eec2f3390b587ecc3421e7f733e8') in 0.010296 seconds 
========================================================================
Received Import Request.
  Time since last request: 86.153874 seconds.
  path: Assets/Sprites/Mouse.png
  artifactKey: Guid(46170aacda3c8e24a8fe7b41f2b9e244) Importer(815301076,1909f56bfc062723c751e8b465ee728b)
Start importing Assets/Sprites/Mouse.png using Guid(46170aacda3c8e24a8fe7b41f2b9e244) Importer(815301076,1909f56bfc062723c751e8b465ee728b)  -> (artifact id: 'd780446afe60951d90917073f6a41cb1') in 0.010401 seconds 
========================================================================
Received Import Request.
  Time since last request: 31.943482 seconds.
  path: Assets/Sprites/Mouse.png
  artifactKey: Guid(46170aacda3c8e24a8fe7b41f2b9e244) Importer(815301076,1909f56bfc062723c751e8b465ee728b)
Start importing Assets/Sprites/Mouse.png using Guid(46170aacda3c8e24a8fe7b41f2b9e244) Importer(815301076,1909f56bfc062723c751e8b465ee728b)  -> (artifact id: '5bb761be26b0f1786f98c4386ca80562') in 0.011811 seconds 
========================================================================
Received Import Request.
  Time since last request: 14.811874 seconds.
  path: Assets/Sprites/Mouse.png
  artifactKey: Guid(46170aacda3c8e24a8fe7b41f2b9e244) Importer(815301076,1909f56bfc062723c751e8b465ee728b)
Start importing Assets/Sprites/Mouse.png using Guid(46170aacda3c8e24a8fe7b41f2b9e244) Importer(815301076,1909f56bfc062723c751e8b465ee728b)  -> (artifact id: '7850b17a01eb1d76a5e9810a849bd3fd') in 0.014048 seconds 
========================================================================
Received Import Request.
  Time since last request: 3.774911 seconds.
  path: Assets/Sprites/Mouse.png
  artifactKey: Guid(46170aacda3c8e24a8fe7b41f2b9e244) Importer(815301076,1909f56bfc062723c751e8b465ee728b)
Start importing Assets/Sprites/Mouse.png using Guid(46170aacda3c8e24a8fe7b41f2b9e244) Importer(815301076,1909f56bfc062723c751e8b465ee728b)  -> (artifact id: 'a2ede0178b91cfe62cf712b7cd816d8d') in 0.012403 seconds 
========================================================================
Received Import Request.
  Time since last request: 9.420265 seconds.
  path: Assets/Sprites/Arrow.png
  artifactKey: Guid(16c5debb143fb244db3536f7053e7eb8) Importer(815301076,1909f56bfc062723c751e8b465ee728b)
Start importing Assets/Sprites/Arrow.png using Guid(16c5debb143fb244db3536f7053e7eb8) Importer(815301076,1909f56bfc062723c751e8b465ee728b)  -> (artifact id: '2371873190f98ac859b4e41f89955e29') in 0.023981 seconds 
========================================================================
Received Import Request.
  Time since last request: 0.000019 seconds.
  path: Assets/Sprites/Door Open.png
  artifactKey: Guid(8c99402f61112ba47ac18f05b4e7af25) Importer(815301076,1909f56bfc062723c751e8b465ee728b)
Start importing Assets/Sprites/Door Open.png using Guid(8c99402f61112ba47ac18f05b4e7af25) Importer(815301076,1909f56bfc062723c751e8b465ee728b)  -> (artifact id: 'd839edfbd21c4d3acc57e10f3f310f6c') in 0.011892 seconds 
========================================================================
Received Prepare
Registering precompiled user dll's ...
Registered in 0.008280 seconds.
Begin MonoManager ReloadAssembly
Symbol file LoadedFromMemory doesn't match image C:\Users\joels\Documents\Github\Cobra-Castle\Cobra Castle\Library\PackageCache\com.unity.visualscripting@1.7.2\Editor\VisualScripting.Core\Dependencies\YamlDotNet\Unity.VisualScripting.YamlDotNet.dll
Symbol file LoadedFromMemory doesn't match image C:\Users\joels\Documents\Github\Cobra-Castle\Cobra Castle\Library\PackageCache\com.unity.visualscripting@1.7.2\Editor\VisualScripting.Core\Dependencies\DotNetZip\Unity.VisualScripting.IonicZip.dll
Native extension for WindowsStandalone target not found
Refreshing native plugins compatible for Editor in 0.81 ms, found 4 plugins.
Preloading 0 native plugins for Editor in 0.00 ms.
Mono: successfully reloaded assembly
- Completed reload, in  1.476 seconds
Domain Reload Profiling:
	ReloadAssembly (1477ms)
		BeginReloadAssembly (136ms)
			ExecutionOrderSort (0ms)
			DisableScriptedObjects (7ms)
			BackupInstance (0ms)
			ReleaseScriptingObjects (0ms)
			CreateAndSetChildDomain (40ms)
		EndReloadAssembly (1229ms)
			LoadAssemblies (94ms)
			RebuildTransferFunctionScriptingTraits (0ms)
			SetupTypeCache (302ms)
			ReleaseScriptCaches (2ms)
			RebuildScriptCaches (61ms)
			SetupLoadedEditorAssemblies (598ms)
				LogAssemblyErrors (0ms)
				InitializePlatformSupportModulesInManaged (16ms)
				SetLoadedEditorAssemblies (0ms)
				RefreshPlugins (1ms)
				BeforeProcessingInitializeOnLoad (97ms)
				ProcessInitializeOnLoadAttributes (437ms)
				ProcessInitializeOnLoadMethodAttributes (36ms)
				AfterProcessingInitializeOnLoad (11ms)
				EditorAssembliesLoaded (0ms)
			ExecutionOrderSort2 (0ms)
			AwakeInstancesAfterBackupRestoration (23ms)
Platform modules already initialized, skipping
Refreshing native plugins compatible for Editor in 1.34 ms, found 4 plugins.
Preloading 0 native plugins for Editor in 0.00 ms.
Unloading 3876 Unused Serialized files (Serialized files now loaded: 0)
Unloading 26 unused Assets / (24.6 KB). Loaded Objects now: 4595.
Memory consumption went from 159.1 MB to 159.0 MB.
Total: 3.814600 ms (FindLiveObjects: 0.351900 ms CreateObjectMapping: 0.260000 ms MarkObjects: 3.176800 ms  DeleteObjects: 0.024800 ms)

AssetImportParameters requested are different than current active one (requested -> active):
  custom:video-decoder-ogg-theora: a1e56fd34408186e4bbccfd4996cb3dc -> 
  custom:container-muxer-webm: aa71ff27fc2769a1b78a27578f13a17b -> 
  custom:container-demuxer-webm: 4f35f7cbe854078d1ac9338744f61a02 -> 
  custom:video-encoder-webm-vp8: eb34c28f22e8b96e1ab97ce403110664 -> 
  custom:audio-encoder-webm-vorbis: bf7c407c2cedff20999df2af8eb42d56 -> 
  custom:framework-win-MediaFoundation: 216162199b28c13a410421893ffa2e32 -> 
  custom:container-demuxer-ogg: 62fdf1f143b41e24485cea50d1cbac27 -> 
  custom:video-decoder-webm-vp8: 9c59270c3fd7afecdb556c50c9e8de78 -> 
  custom:audio-decoder-ogg-vorbis: bf7c407c2cedff20999df2af8eb42d56 -> 
========================================================================
Received Import Request.
  Time since last request: 59.382808 seconds.
  path: Assets/Sprites/Mouse.png
  artifactKey: Guid(46170aacda3c8e24a8fe7b41f2b9e244) Importer(815301076,1909f56bfc062723c751e8b465ee728b)
Start importing Assets/Sprites/Mouse.png using Guid(46170aacda3c8e24a8fe7b41f2b9e244) Importer(815301076,1909f56bfc062723c751e8b465ee728b)  -> (artifact id: '35e73fe738ce7d1d86408fee846d8f61') in 0.061093 seconds 
========================================================================
Received Import Request.
  Time since last request: 16.023063 seconds.
  path: Assets/Prefabs/Brick.prefab
  artifactKey: Guid(a334d35bf7d5c624d939fcb36865588a) Importer(815301076,1909f56bfc062723c751e8b465ee728b)
Start importing Assets/Prefabs/Brick.prefab using Guid(a334d35bf7d5c624d939fcb36865588a) Importer(815301076,1909f56bfc062723c751e8b465ee728b)  -> (artifact id: 'bc35f294f8253e8e16a745a5b0680163') in 0.024790 seconds 
========================================================================
Received Import Request.
  Time since last request: 2.558583 seconds.
  path: Assets/Prefabs/Mouse.prefab
  artifactKey: Guid(ec2a5b8ee5fc6164e8971d9f3a1f8ff6) Importer(815301076,1909f56bfc062723c751e8b465ee728b)
Start importing Assets/Prefabs/Mouse.prefab using Guid(ec2a5b8ee5fc6164e8971d9f3a1f8ff6) Importer(815301076,1909f56bfc062723c751e8b465ee728b)  -> (artifact id: '2e61533f1bdfdd11e6b69e1c8f227847') in 0.010956 seconds 
========================================================================
Received Import Request.
  Time since last request: 6.025797 seconds.
  path: Assets/Prefabs/Arrow.prefab
  artifactKey: Guid(403ce7ac8a328614ebb1b51a70e6ea5b) Importer(815301076,1909f56bfc062723c751e8b465ee728b)
Start importing Assets/Prefabs/Arrow.prefab using Guid(403ce7ac8a328614ebb1b51a70e6ea5b) Importer(815301076,1909f56bfc062723c751e8b465ee728b)  -> (artifact id: '2d2ae6a2880e78f77ad92fb3724ce8cc') in 0.030654 seconds 
========================================================================
Received Import Request.
  Time since last request: 217.830205 seconds.
  path: Assets/Fonts
  artifactKey: Guid(a3e801c339722084e8aa2f74a500437d) Importer(815301076,1909f56bfc062723c751e8b465ee728b)
Start importing Assets/Fonts using Guid(a3e801c339722084e8aa2f74a500437d) Importer(815301076,1909f56bfc062723c751e8b465ee728b)  -> (artifact id: '3322698db13595b5010c9abcdb8b3b5f') in 0.006967 seconds 
========================================================================
Received Import Request.
  Time since last request: 44.107134 seconds.
  path: Assets/Fonts/PressStart2P-Regular.ttf
  artifactKey: Guid(728380d1ba1b1d04bbcb66f0de3a4e8c) Importer(815301076,1909f56bfc062723c751e8b465ee728b)
Start importing Assets/Fonts/PressStart2P-Regular.ttf using Guid(728380d1ba1b1d04bbcb66f0de3a4e8c) Importer(815301076,1909f56bfc062723c751e8b465ee728b)  -> (artifact id: '168724e997b54f1959d218d5475970a1') in 0.776948 seconds 
========================================================================
Received Import Request.
  Time since last request: 19.617763 seconds.
  path: Assets/TextMesh Pro/Fonts/LiberationSans.ttf
  artifactKey: Guid(e3265ab4bf004d28a9537516768c1c75) Importer(815301076,1909f56bfc062723c751e8b465ee728b)
Start importing Assets/TextMesh Pro/Fonts/LiberationSans.ttf using Guid(e3265ab4bf004d28a9537516768c1c75) Importer(815301076,1909f56bfc062723c751e8b465ee728b)  -> (artifact id: '8074476d270737abf23a275ff1c66b32') in 0.026909 seconds 
========================================================================
Received Import Request.
  Time since last request: 13.141933 seconds.
  path: Assets/Fonts/PressStart2P-Regular SDF.asset
  artifactKey: Guid(47562311aa7ad7340912206f702f5c4b) Importer(815301076,1909f56bfc062723c751e8b465ee728b)
Start importing Assets/Fonts/PressStart2P-Regular SDF.asset using Guid(47562311aa7ad7340912206f702f5c4b) Importer(815301076,1909f56bfc062723c751e8b465ee728b) Shader 'TextMeshPro/Distance Field': fallback shader 'TextMeshPro/Mobile/Distance Field' not found
 -> (artifact id: '2b949706e1b7e0b8c640599978765ba3') in 0.045338 seconds 
========================================================================
Received Import Request.
  Time since last request: 8.028519 seconds.
  path: Assets/TextMesh Pro
  artifactKey: Guid(f54d1bd14bd3ca042bd867b519fee8cc) Importer(815301076,1909f56bfc062723c751e8b465ee728b)
Start importing Assets/TextMesh Pro using Guid(f54d1bd14bd3ca042bd867b519fee8cc) Importer(815301076,1909f56bfc062723c751e8b465ee728b)  -> (artifact id: 'f5648c5ef36b7beab651a001a8d08867') in 0.007320 seconds 
========================================================================
Received Import Request.
  Time since last request: 7.954450 seconds.
  path: Assets/Fonts/PressStart2P-Regular SDF.asset
  artifactKey: Guid(47562311aa7ad7340912206f702f5c4b) Importer(815301076,1909f56bfc062723c751e8b465ee728b)
Start importing Assets/Fonts/PressStart2P-Regular SDF.asset using Guid(47562311aa7ad7340912206f702f5c4b) Importer(815301076,1909f56bfc062723c751e8b465ee728b) Shader 'TextMeshPro/Distance Field': fallback shader 'TextMeshPro/Mobile/Distance Field' not found
 -> (artifact id: '522d62db8589699b33db9c64873351be') in 0.026888 seconds 
